C:\Users\USER\source\repos\WebApplication1\WebApplication1\AngularInlineTable\dist\out-tsc\app\app.component.js
C:\Users\USER\source\repos\WebApplication1\WebApplication1\AngularInlineTable\dist\out-tsc\app\app.component.js.map
C:\Users\USER\source\repos\WebApplication1\WebApplication1\AngularInlineTable\dist\out-tsc\environment\environment.js
C:\Users\USER\source\repos\WebApplication1\WebApplication1\AngularInlineTable\dist\out-tsc\environment\environment.js.map
C:\Users\USER\source\repos\WebApplication1\WebApplication1\AngularInlineTable\dist\out-tsc\app\shared\bank-account.service.js
C:\Users\USER\source\repos\WebApplication1\WebApplication1\AngularInlineTable\dist\out-tsc\app\shared\bank-account.service.js.map
C:\Users\USER\source\repos\WebApplication1\WebApplication1\AngularInlineTable\dist\out-tsc\app\shared\bank.service.js
C:\Users\USER\source\repos\WebApplication1\WebApplication1\AngularInlineTable\dist\out-tsc\app\shared\bank.service.js.map
C:\Users\USER\source\repos\WebApplication1\WebApplication1\AngularInlineTable\dist\out-tsc\app\bank-account\bank-account.component.js
C:\Users\USER\source\repos\WebApplication1\WebApplication1\AngularInlineTable\dist\out-tsc\app\bank-account\bank-account.component.js.map
C:\Users\USER\source\repos\WebApplication1\WebApplication1\AngularInlineTable\dist\out-tsc\app\app.module.js
C:\Users\USER\source\repos\WebApplication1\WebApplication1\AngularInlineTable\dist\out-tsc\app\app.module.js.map
C:\Users\USER\source\repos\WebApplication1\WebApplication1\AngularInlineTable\dist\out-tsc\main.js
C:\Users\USER\source\repos\WebApplication1\WebApplication1\AngularInlineTable\dist\out-tsc\main.js.map
C:\Users\USER\source\repos\WebApplication1\WebApplication1\AngularInlineTable\dist\out-tsc\app\app.component.spec.js
C:\Users\USER\source\repos\WebApplication1\WebApplication1\AngularInlineTable\dist\out-tsc\app\app.component.spec.js.map
C:\Users\USER\source\repos\WebApplication1\WebApplication1\AngularInlineTable\dist\out-tsc\app\bank-account\bank-account.component.spec.js
C:\Users\USER\source\repos\WebApplication1\WebApplication1\AngularInlineTable\dist\out-tsc\app\bank-account\bank-account.component.spec.js.map
C:\Users\USER\source\repos\WebApplication1\WebApplication1\AngularInlineTable\dist\out-tsc\app\shared\bank-account.service.spec.js
C:\Users\USER\source\repos\WebApplication1\WebApplication1\AngularInlineTable\dist\out-tsc\app\shared\bank-account.service.spec.js.map
C:\Users\USER\source\repos\WebApplication1\WebApplication1\AngularInlineTable\dist\out-tsc\app\shared\bank.service.spec.js
C:\Users\USER\source\repos\WebApplication1\WebApplication1\AngularInlineTable\dist\out-tsc\app\shared\bank.service.spec.js.map
C:\Users\USER\source\repos\WebApplication1\WebApplication1\AngularInlineTable\dist\out-tsc\environment\environment prod.js
C:\Users\USER\source\repos\WebApplication1\WebApplication1\AngularInlineTable\dist\out-tsc\environment\environment prod.js.map
